Resolving dependencies...
Downloading packages...
+ _flutterfire_internals 1.3.75
+ args 2.7.0
+ async 2.13.1
+ boolean_selector 2.1.2
+ cached_network_image 3.4.1
+ cached_network_image_platform_interface 4.1.1
+ cached_network_image_web 1.3.1
+ characters 1.4.1
+ checked_yaml 2.0.4
+ clock 1.1.2
+ code_assets 1.0.0 (1.2.1 available)
+ collection 1.19.1
+ connectivity_plus 6.1.5 (7.3.0 available)
+ connectivity_plus_platform_interface 2.1.0
+ cross_file 0.3.5+4
+ crypto 3.0.7
+ csslib 1.0.2
+ dbus 0.7.14
+ dio 5.10.0
+ dio_web_adapter 2.2.0
+ equatable 2.1.0
+ fake_async 1.3.3
+ ffi 2.2.0
+ ffi_leak_tracker 0.1.2
+ file 7.0.1
+ file_selector_linux 0.9.4
+ file_selector_macos 0.9.5
+ file_selector_platform_interface 2.7.0
+ file_selector_windows 0.9.3+5
+ firebase_core 4.12.1
+ firebase_core_platform_interface 8.0.0
+ firebase_core_web 3.9.1
+ firebase_messaging 16.4.3
+ firebase_messaging_platform_interface 4.9.2
+ firebase_messaging_web 4.2.3
+ fixnum 1.1.1
+ flutter 0.0.0 from sdk flutter
+ flutter_cache_manager 3.4.1
+ flutter_lints 6.0.0
+ flutter_local_notifications 20.1.0 (22.0.1 available)
+ flutter_local_notifications_linux 7.0.0 (8.0.1 available)
+ flutter_local_notifications_platform_interface 10.0.0 (12.0.0 available)
+ flutter_local_notifications_windows 2.0.1 (3.1.1 available)
+ flutter_localizations 0.0.0 from sdk flutter
+ flutter_plugin_android_lifecycle 2.0.35
+ flutter_secure_storage 10.3.1
+ flutter_secure_storage_darwin 0.3.2 (0.4.0 available)
+ flutter_secure_storage_linux 3.0.1
+ flutter_secure_storage_platform_interface 2.0.1
+ flutter_secure_storage_web 2.1.1
+ flutter_secure_storage_windows 4.2.2
+ flutter_test 0.0.0 from sdk flutter
+ flutter_web_plugins 0.0.0 from sdk flutter
+ geobase 1.5.0
+ geoclue 0.1.1
+ geolocator 14.0.3
+ geolocator_android 5.0.3
+ geolocator_apple 2.3.14
+ geolocator_linux 0.2.6
+ geolocator_platform_interface 4.2.8
+ geolocator_web 4.1.4
+ geolocator_windows 0.2.5
+ glob 2.1.3
+ gsettings 0.2.8
+ hooks 1.0.3 (2.1.0 available)
+ html 0.15.6
+ http 1.6.0
+ http_parser 4.1.2
+ image_picker 1.2.3
+ image_picker_android 0.8.13+19
+ image_picker_for_web 3.1.1
+ image_picker_ios 0.8.13+6
+ image_picker_linux 0.2.2
+ image_picker_macos 0.2.2+1
+ image_picker_platform_interface 2.11.1
+ image_picker_windows 0.2.2
+ intl 0.20.2 (0.20.3 available)
+ jni 1.0.0
+ jni_flutter 1.0.1
+ json_annotation 4.12.0
+ leak_tracker 11.0.2
+ leak_tracker_flutter_testing 3.0.10
+ leak_tracker_testing 3.0.2
+ lints 6.1.0
+ lists 1.0.1
+ logging 1.3.0
+ maplibre 0.3.5
+ maplibre_android 0.3.5
+ maplibre_ios 0.3.5
+ maplibre_platform_interface 0.3.5
+ maplibre_web 0.3.5
+ matcher 0.12.19 (0.12.20 available)
+ material_color_utilities 0.13.0
+ meta 1.18.0 (1.19.0 available)
+ mgrs_dart 2.0.0 (3.0.0 available)
+ mime 2.0.0
+ native_toolchain_c 0.17.6 (0.19.3 available)
+ nm 0.5.0
+ objective_c 9.3.0 (9.4.1 available)
+ octo_image 2.1.0
+ package_config 2.2.0 (3.0.0 available)
+ package_info_plus 10.2.1
+ package_info_plus_platform_interface 4.1.0
+ path 1.9.1
+ path_provider 2.1.6
+ path_provider_android 2.3.1
+ path_provider_foundation 2.6.0
+ path_provider_linux 2.2.2
+ path_provider_platform_interface 2.1.3
+ path_provider_windows 2.3.0
+ petitparser 7.0.2
+ platform 3.1.6
+ plugin_platform_interface 2.1.8
+ pointer_interceptor 0.10.1+2
+ pointer_interceptor_ios 0.10.1+1
+ pointer_interceptor_platform_interface 0.10.0+1
+ pointer_interceptor_web 0.10.3
+ proj4dart 2.1.0 (3.0.0 available)
+ pub_semver 2.2.0
+ pubspec_parse 1.5.0
+ qr 3.0.2 (4.0.0 available)
+ qr_flutter 4.1.0
+ record_use 0.6.0 (1.0.0 available)
+ rxdart 0.28.0
+ shared_preferences 2.5.5
+ shared_preferences_android 2.4.27
+ shared_preferences_foundation 2.5.6
+ shared_preferences_linux 2.4.1
+ shared_preferences_platform_interface 2.4.2
+ shared_preferences_web 2.4.3
+ shared_preferences_windows 2.4.1
+ simple_gesture_detector 0.2.1
+ sky_engine 0.0.0 from sdk flutter
+ source_span 1.10.2
+ sqflite 2.4.3
+ sqflite_android 2.4.3
+ sqflite_common 2.5.11
+ sqflite_darwin 2.4.3+1
+ sqflite_platform_interface 2.4.1
+ stack_trace 1.12.1
+ stream_channel 2.1.4
+ string_scanner 1.4.1
+ synchronized 3.4.1
+ table_calendar 3.2.0
+ term_glyph 1.2.2
+ test_api 0.7.11 (0.7.13 available)
+ timezone 0.10.1 (0.11.1 available)
+ typed_data 1.4.0
+ unicode 0.3.1 (1.1.9 available)
+ url_launcher 6.3.2
+ url_launcher_android 6.3.32
+ url_launcher_ios 6.4.1
+ url_launcher_linux 3.2.2
+ url_launcher_macos 3.2.5
+ url_launcher_platform_interface 2.3.2
+ url_launcher_web 2.4.3
+ url_launcher_windows 3.1.5
+ uuid 4.6.0
+ vector_math 2.2.0 (2.4.0 available)
+ vm_service 15.2.0
+ web 1.1.1
+ webview_flutter 4.14.1
+ webview_flutter_android 4.13.0
+ webview_flutter_platform_interface 2.15.1
+ webview_flutter_wkwebview 3.26.0
+ win32 6.3.0
+ wkt_parser 2.0.0
+ xdg_directories 1.1.0
+ xml 6.6.1 (7.0.1 available)
+ yaml 3.1.3
+ yandex_mapkit 4.2.1
Changed 171 dependencies!
23 packages have newer versions incompatible with dependency constraints.
Try `flutter pub outdated` for more information.
