Analyzing mobile...                                             

warning • Unused import: 'dart:convert'. Try removing the import directive • lib/src/screens/advanced_features.dart:2:8 • unused_import
   info • Unnecessary use of multiple underscores. Try using '_' • lib/src/screens/advanced_features.dart:83:22 • unnecessary_underscores
   info • 'desiredAccuracy' is deprecated and shouldn't be used. use settings parameter with AndroidSettings, AppleSettings, WebSettings, or LocationSettings. Try replacing the use of the deprecated member with the replacement • lib/src/screens/advanced_features.dart:260:60 • deprecated_member_use
   info • 'value' is deprecated and shouldn't be used. Use initialValue instead. This will set the initial value for the form field. This feature was deprecated after v3.33.0-1.0.pre. Try replacing the use of the deprecated member with the replacement • lib/src/screens/advanced_features.dart:283:13 • deprecated_member_use
   info • The private field _future could be 'final'. Try making the field 'final' • lib/src/screens/advanced_features.dart:350:43 • prefer_final_fields
   info • Statements in an if should be enclosed in a block. Try wrapping the statement in a block • lib/src/screens/advanced_features.dart:675:18 • curly_braces_in_flow_control_structures
   info • 'value' is deprecated and shouldn't be used. Use initialValue instead. This will set the initial value for the form field. This feature was deprecated after v3.33.0-1.0.pre. Try replacing the use of the deprecated member with the replacement • lib/src/screens/advanced_features.dart:767:23 • deprecated_member_use
   info • 'onReorder' is deprecated and shouldn't be used. Use the onReorderItem callback instead. The onReorderItem callback adjusts the newIndex parameter for a removed item at the oldIndex. This feature was deprecated after v3.41.0-0.0.pre. Try replacing the use of the deprecated member with the replacement • lib/src/screens/advanced_features.dart:786:23 • deprecated_member_use
  error • The constructor being called isn't a const constructor. Try removing 'const' from the constructor invocation • lib/src/screens/app_sections.dart:61:22 • const_with_non_const
   info • Unnecessary use of multiple underscores. Try using '_' • lib/src/screens/app_sections.dart:111:43 • unnecessary_underscores
   info • Unnecessary use of multiple underscores. Try using '_' • lib/src/screens/app_sections.dart:670:111 • unnecessary_underscores
   info • Unnecessary use of multiple underscores. Try using '_' • lib/src/screens/app_sections.dart:670:115 • unnecessary_underscores
warning • Unused import: 'dart:io'. Try removing the import directive • lib/src/screens/content_features.dart:1:8 • unused_import
   info • Unnecessary use of multiple underscores. Try using '_' • lib/src/screens/content_features.dart:234:98 • unnecessary_underscores
   info • Unnecessary use of multiple underscores. Try using '_' • lib/src/screens/content_features.dart:234:102 • unnecessary_underscores
   info • 'value' is deprecated and shouldn't be used. Use initialValue instead. This will set the initial value for the form field. This feature was deprecated after v3.33.0-1.0.pre. Try replacing the use of the deprecated member with the replacement • lib/src/screens/content_features.dart:314:21 • deprecated_member_use
  error • The method 'HomeTab' isn't defined for the type '_EnhancedRootShellState'. Try correcting the name to the name of an existing method, or defining a method named 'HomeTab' • lib/src/screens/enhanced_root_shell.dart:22:5 • undefined_method
  error • The name 'CatalogTab' isn't a class. Try correcting the name to match an existing class • lib/src/screens/enhanced_root_shell.dart:23:11 • creation_with_non_type
  error • The name 'MapTab' isn't a class. Try correcting the name to match an existing class • lib/src/screens/enhanced_root_shell.dart:24:11 • creation_with_non_type
  error • The name 'CalendarTab' isn't a class. Try correcting the name to match an existing class • lib/src/screens/enhanced_root_shell.dart:25:11 • creation_with_non_type
  error • The method 'ProfileAction' isn't defined for the type 'EnhancedProfileTab'. Try correcting the name to the name of an existing method, or defining a method named 'ProfileAction' • lib/src/screens/enhanced_root_shell.dart:92:11 • undefined_method
  error • The name 'FavoritesScreen' isn't a class. Try correcting the name to match an existing class • lib/src/screens/enhanced_root_shell.dart:92:109 • creation_with_non_type
  error • The method 'ProfileAction' isn't defined for the type 'EnhancedProfileTab'. Try correcting the name to the name of an existing method, or defining a method named 'ProfileAction' • lib/src/screens/enhanced_root_shell.dart:93:11 • undefined_method
  error • The name 'BookingsScreen' isn't a class. Try correcting the name to match an existing class • lib/src/screens/enhanced_root_shell.dart:93:136 • creation_with_non_type
  error • The method 'ProfileAction' isn't defined for the type 'EnhancedProfileTab'. Try correcting the name to the name of an existing method, or defining a method named 'ProfileAction' • lib/src/screens/enhanced_root_shell.dart:94:11 • undefined_method
  error • The name 'ProfileStatsScreen' isn't a class. Try correcting the name to match an existing class • lib/src/screens/enhanced_root_shell.dart:94:128 • creation_with_non_type
  error • The method 'ProfileAction' isn't defined for the type 'EnhancedProfileTab'. Try correcting the name to the name of an existing method, or defining a method named 'ProfileAction' • lib/src/screens/enhanced_root_shell.dart:95:11 • undefined_method
  error • The name 'RoutePlansScreen' isn't a class. Try correcting the name to match an existing class • lib/src/screens/enhanced_root_shell.dart:95:110 • creation_with_non_type
  error • The method 'ProfileAction' isn't defined for the type 'EnhancedProfileTab'. Try correcting the name to the name of an existing method, or defining a method named 'ProfileAction' • lib/src/screens/enhanced_root_shell.dart:96:11 • undefined_method
  error • The method 'ProfileAction' isn't defined for the type 'EnhancedProfileTab'. Try correcting the name to the name of an existing method, or defining a method named 'ProfileAction' • lib/src/screens/enhanced_root_shell.dart:97:11 • undefined_method
  error • The name 'TogetherScreen' isn't a class. Try correcting the name to match an existing class • lib/src/screens/enhanced_root_shell.dart:97:123 • creation_with_non_type
  error • The method 'ProfileAction' isn't defined for the type 'EnhancedProfileTab'. Try correcting the name to the name of an existing method, or defining a method named 'ProfileAction' • lib/src/screens/enhanced_root_shell.dart:99:11 • undefined_method
  error • The method 'ProfileAction' isn't defined for the type 'EnhancedProfileTab'. Try correcting the name to the name of an existing method, or defining a method named 'ProfileAction' • lib/src/screens/enhanced_root_shell.dart:100:11 • undefined_method
  error • The method 'ProfileAction' isn't defined for the type 'EnhancedProfileTab'. Try correcting the name to the name of an existing method, or defining a method named 'ProfileAction' • lib/src/screens/enhanced_root_shell.dart:102:11 • undefined_method
  error • The name 'NotificationsScreen' isn't a class. Try correcting the name to match an existing class • lib/src/screens/enhanced_root_shell.dart:102:113 • creation_with_non_type
  error • The method 'ProfileAction' isn't defined for the type 'EnhancedProfileTab'. Try correcting the name to the name of an existing method, or defining a method named 'ProfileAction' • lib/src/screens/enhanced_root_shell.dart:103:11 • undefined_method
  error • The method 'ProfileAction' isn't defined for the type 'EnhancedProfileTab'. Try correcting the name to the name of an existing method, or defining a method named 'ProfileAction' • lib/src/screens/enhanced_root_shell.dart:104:11 • undefined_method
  error • The name 'Position' is defined in the libraries 'package:geobase/src/coordinates/base/position.dart (via package:maplibre/maplibre.dart)' and 'package:geolocator_platform_interface/src/models/position.dart (via package:geolocator/geolocator.dart)'. Try using 'as prefix' for one of the import directives, or hiding the name from all but one of the imports • lib/src/screens/maplibre_map.dart:193:10 • ambiguous_import
   info • 'desiredAccuracy' is deprecated and shouldn't be used. use settings parameter with AndroidSettings, AppleSettings, WebSettings, or LocationSettings. Try replacing the use of the deprecated member with the replacement • lib/src/screens/maplibre_map.dart:205:42 • deprecated_member_use
   info • Don't use 'BuildContext's across async gaps. Try rewriting the code to not use the 'BuildContext', or guard the use with a 'mounted' check • lib/src/screens/offline_map_screen.dart:112:58 • use_build_context_synchronously
   info • Unnecessary use of multiple underscores. Try using '_' • lib/src/screens/user_features.dart:142:126 • unnecessary_underscores
   info • Unnecessary use of multiple underscores. Try using '_' • lib/src/screens/user_features.dart:142:130 • unnecessary_underscores
   info • Unnecessary use of multiple underscores. Try using '_' • lib/src/screens/user_features.dart:188:134 • unnecessary_underscores
   info • Unnecessary use of multiple underscores. Try using '_' • lib/src/screens/user_features.dart:188:138 • unnecessary_underscores
   info • Unnecessary use of multiple underscores. Try using '_' • lib/src/screens/user_features.dart:221:51 • unnecessary_underscores
   info • 'value' is deprecated and shouldn't be used. Use initialValue instead. This will set the initial value for the form field. This feature was deprecated after v3.33.0-1.0.pre. Try replacing the use of the deprecated member with the replacement • lib/src/screens/user_features.dart:280:17 • deprecated_member_use
   info • 'value' is deprecated and shouldn't be used. Use initialValue instead. This will set the initial value for the form field. This feature was deprecated after v3.33.0-1.0.pre. Try replacing the use of the deprecated member with the replacement • lib/src/screens/user_features.dart:694:13 • deprecated_member_use
   info • 'value' is deprecated and shouldn't be used. Use initialValue instead. This will set the initial value for the form field. This feature was deprecated after v3.33.0-1.0.pre. Try replacing the use of the deprecated member with the replacement • lib/src/screens/user_features.dart:707:13 • deprecated_member_use
   info • 'value' is deprecated and shouldn't be used. Use initialValue instead. This will set the initial value for the form field. This feature was deprecated after v3.33.0-1.0.pre. Try replacing the use of the deprecated member with the replacement • lib/src/screens/user_features.dart:795:13 • deprecated_member_use
   info • 'value' is deprecated and shouldn't be used. Use initialValue instead. This will set the initial value for the form field. This feature was deprecated after v3.33.0-1.0.pre. Try replacing the use of the deprecated member with the replacement • lib/src/screens/user_features.dart:806:13 • deprecated_member_use
   info • 'value' is deprecated and shouldn't be used. Use initialValue instead. This will set the initial value for the form field. This feature was deprecated after v3.33.0-1.0.pre. Try replacing the use of the deprecated member with the replacement • lib/src/screens/user_features.dart:817:13 • deprecated_member_use

51 issues found. (ran in 11.2s)
